2025-09-29 23:07:13,195 - INFO - Dunya Crawler initialized
2025-09-29 23:07:13,198 - INFO - Database initialized
2025-09-29 23:07:13,201 - INFO - Target date range: 2025-09-18 to 2025-09-20
2025-09-29 23:07:13,201 - INFO - Phase 1: Finding target page
2025-09-29 23:07:13,201 - INFO - === TWO-PHASE ADAPTIVE SEARCH ===
2025-09-29 23:07:13,201 - INFO - Looking for end date: 2025-09-20
2025-09-29 23:07:13,201 - INFO - Phase 1: Adaptive jumping to get close to target...
2025-09-29 23:07:13,201 - INFO - Starting adaptive jumping from page 1 with jump size 1
2025-09-29 23:07:13,202 - INFO - Jumping from page 1 to page 2 (jump size: 1)
2025-09-29 23:07:13,202 - INFO - Checking page 2 for dates...
2025-09-29 23:07:14,418 - INFO - Checking first article from page 2: https://www.dunya.com/gundem/adalet-bakanligi-maas-promosyonu-yatti-mi-ne-zaman-...
2025-09-29 23:07:14,943 - INFO - Page 2: Article date = 2025-09-29 11:21
2025-09-29 23:07:14,944 - INFO - Page 2: Date range = 2025-09-29 to 2025-09-29
2025-09-29 23:07:14,944 - INFO - Distance from target: -9 days (comparing dates only)
2025-09-29 23:07:14,944 - INFO - Page 2 is 9 days NEWER than target - need to go to older pages
2025-09-29 23:07:14,944 - INFO - Very close to target - reducing jump size to 1
2025-09-29 23:07:14,944 - INFO - Jumping from page 2 to page 3 (jump size: 1)
2025-09-29 23:07:14,944 - INFO - Checking page 3 for dates...
2025-09-29 23:07:15,582 - INFO - Checking first article from page 3: https://www.dunya.com/gundem/son-dakika-turgay-ciner-hakkinda-yakalama-karari-ha...
2025-09-29 23:07:16,301 - INFO - Page 3: Article date = 2025-09-28 18:15
2025-09-29 23:07:16,301 - INFO - Page 3: Date range = 2025-09-28 to 2025-09-28
2025-09-29 23:07:16,301 - INFO - Distance from target: -8 days (comparing dates only)
2025-09-29 23:07:16,301 - INFO - Page 3 is 8 days NEWER than target - need to go to older pages
2025-09-29 23:07:16,301 - INFO - Very close to target - reducing jump size to 1
2025-09-29 23:07:16,301 - INFO - Jumping from page 3 to page 4 (jump size: 1)
2025-09-29 23:07:16,301 - INFO - Checking page 4 for dates...
2025-09-29 23:07:16,973 - INFO - Checking first article from page 4: https://www.dunya.com/gundem/simav-depremi-havaciligi-etkiledi-ucaklar-pisti-pas...
2025-09-29 23:07:17,770 - INFO - Page 4: Article date = 2025-09-28 13:54
2025-09-29 23:07:17,772 - INFO - Page 4: Date range = 2025-09-28 to 2025-09-28
2025-09-29 23:07:17,772 - INFO - Distance from target: -8 days (comparing dates only)
2025-09-29 23:07:17,772 - INFO - Page 4 is 8 days NEWER than target - need to go to older pages
2025-09-29 23:07:17,772 - INFO - Very close to target - reducing jump size to 1
2025-09-29 23:07:17,772 - INFO - Jumping from page 4 to page 5 (jump size: 1)
2025-09-29 23:07:17,772 - INFO - Checking page 5 for dates...
2025-09-29 23:07:18,443 - INFO - Checking first article from page 5: https://www.dunya.com/gundem/meteorolojiden-uyari-sicakliklar-dusuyor-yagis-geli...
2025-09-29 23:07:19,067 - INFO - Page 5: Article date = 2025-09-28 07:51
2025-09-29 23:07:19,069 - INFO - Page 5: Date range = 2025-09-28 to 2025-09-28
2025-09-29 23:07:19,069 - INFO - Distance from target: -8 days (comparing dates only)
2025-09-29 23:07:19,069 - INFO - Page 5 is 8 days NEWER than target - need to go to older pages
2025-09-29 23:07:19,069 - INFO - Very close to target - reducing jump size to 1
2025-09-29 23:07:19,069 - INFO - Jumping from page 5 to page 6 (jump size: 1)
2025-09-29 23:07:19,069 - INFO - Checking page 6 for dates...
2025-09-29 23:07:20,230 - INFO - Checking first article from page 6: https://www.dunya.com/gundem/tubitakin-2025-uluslararasi-lider-arastirmacilar-ve...
2025-09-29 23:07:20,938 - INFO - Page 6: Article date = 2025-09-27 15:26
2025-09-29 23:07:20,938 - INFO - Page 6: Date range = 2025-09-27 to 2025-09-27
2025-09-29 23:07:20,938 - INFO - Distance from target: -7 days (comparing dates only)
2025-09-29 23:07:20,938 - INFO - Page 6 is 7 days NEWER than target - need to go to older pages
2025-09-29 23:07:20,938 - INFO - Very close to target - reducing jump size to 1
2025-09-29 23:07:20,938 - INFO - Jumping from page 6 to page 7 (jump size: 1)
2025-09-29 23:07:20,938 - INFO - Checking page 7 for dates...
2025-09-29 23:07:21,668 - INFO - Checking first article from page 7: https://www.dunya.com/gundem/son-dakika-abb-sorusturmasi-5-kisi-tutuklandi-haber...
2025-09-29 23:07:22,388 - INFO - Page 7: Article date = 2025-09-26 22:37
2025-09-29 23:07:22,388 - INFO - Page 7: Date range = 2025-09-26 to 2025-09-26
2025-09-29 23:07:22,388 - INFO - Distance from target: -6 days (comparing dates only)
2025-09-29 23:07:22,388 - INFO - Page 7 is 6 days NEWER than target - need to go to older pages
2025-09-29 23:07:22,388 - INFO - Very close to target - reducing jump size to 1
2025-09-29 23:07:22,388 - INFO - Jumping from page 7 to page 8 (jump size: 1)
2025-09-29 23:07:22,388 - INFO - Checking page 8 for dates...
2025-09-29 23:07:25,080 - INFO - Checking first article from page 8: https://www.dunya.com/gundem/leman-dergisi-davasinda-4-kisi-tahliye-edildi-haber...
2025-09-29 23:07:25,807 - INFO - Page 8: Article date = 2025-09-26 15:35
2025-09-29 23:07:25,807 - INFO - Page 8: Date range = 2025-09-26 to 2025-09-26
2025-09-29 23:07:25,807 - INFO - Distance from target: -6 days (comparing dates only)
2025-09-29 23:07:25,807 - INFO - Page 8 is 6 days NEWER than target - need to go to older pages
2025-09-29 23:07:25,807 - INFO - Very close to target - reducing jump size to 1
2025-09-29 23:07:25,807 - INFO - Jumping from page 8 to page 9 (jump size: 1)
2025-09-29 23:07:25,807 - INFO - Checking page 9 for dates...
2025-09-29 23:07:26,512 - INFO - Checking first article from page 9: https://www.dunya.com/gundem/bahceliden-nato-cikisi-turkiyeyi-gormezden-geliyors...
2025-09-29 23:07:26,997 - INFO - Page 9: Article date = 2025-09-26 11:02
2025-09-29 23:07:26,997 - INFO - Page 9: Date range = 2025-09-26 to 2025-09-26
2025-09-29 23:07:26,997 - INFO - Distance from target: -6 days (comparing dates only)
2025-09-29 23:07:26,997 - INFO - Page 9 is 6 days NEWER than target - need to go to older pages
2025-09-29 23:07:26,997 - INFO - Very close to target - reducing jump size to 1
2025-09-29 23:07:26,997 - INFO - Jumping from page 9 to page 10 (jump size: 1)
2025-09-29 23:07:26,997 - INFO - Checking page 10 for dates...
2025-09-29 23:07:27,529 - INFO - Checking first article from page 10: https://www.dunya.com/gundem/erdogan-trump-zirvesi-sona-erdi-trump-turkiyeye-yon...
2025-09-29 23:07:28,070 - INFO - Page 10: Article date = 2025-09-25 17:53
2025-09-29 23:07:28,071 - INFO - Page 10: Date range = 2025-09-25 to 2025-09-25
2025-09-29 23:07:28,071 - INFO - Distance from target: -5 days (comparing dates only)
2025-09-29 23:07:28,071 - INFO - Page 10 is 5 days NEWER than target - need to go to older pages
2025-09-29 23:07:28,071 - INFO - Very close to target - reducing jump size to 1
2025-09-29 23:07:28,071 - INFO - Jumping from page 10 to page 11 (jump size: 1)
2025-09-29 23:07:28,071 - INFO - Checking page 11 for dates...
2025-09-29 23:07:28,681 - INFO - Checking first article from page 11: https://www.dunya.com/gundem/son-depremler-listesi-25-eylul-2025-az-once-deprem-...
2025-09-29 23:07:29,209 - INFO - Page 11: Article date = 2025-09-25 10:28
2025-09-29 23:07:29,210 - INFO - Page 11: Date range = 2025-09-25 to 2025-09-25
2025-09-29 23:07:29,210 - INFO - Distance from target: -5 days (comparing dates only)
2025-09-29 23:07:29,210 - INFO - Page 11 is 5 days NEWER than target - need to go to older pages
2025-09-29 23:07:29,210 - INFO - Very close to target - reducing jump size to 1
2025-09-29 23:07:29,211 - INFO - Jumping from page 11 to page 12 (jump size: 1)
2025-09-29 23:07:29,211 - INFO - Checking page 12 for dates...
2025-09-29 23:07:29,685 - INFO - Checking first article from page 12: https://www.dunya.com/gundem/abb-baskani-mansur-yavastan-sorusturma-aciklamasi-h...
2025-09-29 23:07:30,176 - INFO - Page 12: Article date = 2025-09-24 14:23
2025-09-29 23:07:30,177 - INFO - Page 12: Date range = 2025-09-24 to 2025-09-24
2025-09-29 23:07:30,177 - INFO - Distance from target: -4 days (comparing dates only)
2025-09-29 23:07:30,178 - INFO - Page 12 is 4 days NEWER than target - need to go to older pages
2025-09-29 23:07:30,178 - INFO - Very close to target - reducing jump size to 1
2025-09-29 23:07:30,178 - INFO - Jumping from page 12 to page 13 (jump size: 1)
2025-09-29 23:07:30,178 - INFO - Checking page 13 for dates...
2025-09-29 23:07:30,660 - INFO - Checking first article from page 13: https://www.dunya.com/gundem/new-yorkta-gazze-icin-kritik-zirve-cumhurbaskani-er...
2025-09-29 23:07:31,179 - INFO - Page 13: Article date = 2025-09-24 09:17
2025-09-29 23:07:31,180 - INFO - Page 13: Date range = 2025-09-24 to 2025-09-24
2025-09-29 23:07:31,180 - INFO - Distance from target: -4 days (comparing dates only)
2025-09-29 23:07:31,180 - INFO - Page 13 is 4 days NEWER than target - need to go to older pages
2025-09-29 23:07:31,180 - INFO - Very close to target - reducing jump size to 1
2025-09-29 23:07:31,180 - INFO - Jumping from page 13 to page 14 (jump size: 1)
2025-09-29 23:07:31,180 - INFO - Checking page 14 for dates...
2025-09-29 23:07:31,724 - INFO - Checking first article from page 14: https://www.dunya.com/gundem/tmodan-bugdaylara-haciz-iddiasina-iliskin-aciklama-...
2025-09-29 23:07:32,329 - INFO - Page 14: Article date = 2025-09-23 16:11
2025-09-29 23:07:32,329 - INFO - Page 14: Date range = 2025-09-23 to 2025-09-23
2025-09-29 23:07:32,329 - INFO - Distance from target: -3 days (comparing dates only)
2025-09-29 23:07:32,329 - INFO - Page 14 is 3 days NEWER than target - need to go to older pages
2025-09-29 23:07:32,330 - INFO - Very close to target - reducing jump size to 1
2025-09-29 23:07:32,330 - INFO - Jumping from page 14 to page 15 (jump size: 1)
2025-09-29 23:07:32,330 - INFO - Checking page 15 for dates...
2025-09-29 23:07:32,915 - INFO - Checking first article from page 15: https://www.dunya.com/gundem/ankara-buyuksehir-belediyesinden-operasyon-aciklama...
2025-09-29 23:07:33,452 - INFO - Page 15: Article date = 2025-09-23 11:03
2025-09-29 23:07:33,453 - INFO - Page 15: Date range = 2025-09-23 to 2025-09-23
2025-09-29 23:07:33,453 - INFO - Distance from target: -3 days (comparing dates only)
2025-09-29 23:07:33,453 - INFO - Page 15 is 3 days NEWER than target - need to go to older pages
2025-09-29 23:07:33,453 - INFO - Very close to target - reducing jump size to 1
2025-09-29 23:07:33,453 - INFO - Jumping from page 15 to page 16 (jump size: 1)
2025-09-29 23:07:33,453 - INFO - Checking page 16 for dates...
2025-09-29 23:07:34,011 - INFO - Checking first article from page 16: https://www.dunya.com/gundem/son-dakika-balikesir-bu-sefer-de-4-buyuklugunde-dep...
2025-09-29 23:07:34,507 - INFO - Page 16: Article date = 2025-09-22 17:28
2025-09-29 23:07:34,507 - INFO - Page 16: Date range = 2025-09-22 to 2025-09-22
2025-09-29 23:07:34,508 - INFO - Distance from target: -2 days (comparing dates only)
2025-09-29 23:07:34,509 - INFO - Page 16 is 2 days NEWER than target - need to go to older pages
2025-09-29 23:07:34,509 - INFO - Very close to target - reducing jump size to 1
2025-09-29 23:07:34,509 - INFO - Jumping from page 16 to page 17 (jump size: 1)
2025-09-29 23:07:34,509 - INFO - Checking page 17 for dates...
2025-09-29 23:07:35,078 - INFO - Checking first article from page 17: https://www.dunya.com/gundem/abdnin-california-eyaletinde-deprem-tsunami-uyarisi...
2025-09-29 23:07:35,605 - INFO - Page 17: Article date = 2025-09-22 14:04
2025-09-29 23:07:35,606 - INFO - Page 17: Date range = 2025-09-22 to 2025-09-22
2025-09-29 23:07:35,606 - INFO - Distance from target: -2 days (comparing dates only)
2025-09-29 23:07:35,606 - INFO - Page 17 is 2 days NEWER than target - need to go to older pages
2025-09-29 23:07:35,607 - INFO - Very close to target - reducing jump size to 1
2025-09-29 23:07:35,607 - INFO - Jumping from page 17 to page 18 (jump size: 1)
2025-09-29 23:07:35,607 - INFO - Checking page 18 for dates...
2025-09-29 23:07:36,164 - INFO - Checking first article from page 18: https://www.dunya.com/gundem/fenerbahcenin-yeni-baskani-sadettin-saran-kimdir-ne...
2025-09-29 23:07:36,716 - INFO - Page 18: Article date = 2025-09-22 08:26
2025-09-29 23:07:36,716 - INFO - Page 18: Date range = 2025-09-22 to 2025-09-22
2025-09-29 23:07:36,716 - INFO - Distance from target: -2 days (comparing dates only)
2025-09-29 23:07:36,717 - INFO - Page 18 is 2 days NEWER than target - need to go to older pages
2025-09-29 23:07:36,717 - INFO - Very close to target - reducing jump size to 1
2025-09-29 23:07:36,717 - INFO - Jumping from page 18 to page 19 (jump size: 1)
2025-09-29 23:07:36,717 - INFO - Checking page 19 for dates...
2025-09-29 23:07:37,271 - INFO - Checking first article from page 19: https://www.dunya.com/gundem/gaziantepte-1-milyon-100-bin-dolarlik-sahte-banknot...
2025-09-29 23:07:37,836 - INFO - Page 19: Article date = 2025-09-21 16:35
2025-09-29 23:07:37,836 - INFO - Page 19: Date range = 2025-09-21 to 2025-09-21
2025-09-29 23:07:37,836 - INFO - Distance from target: -1 days (comparing dates only)
2025-09-29 23:07:37,836 - INFO - Page 19 is 1 days NEWER than target - need to go to older pages
2025-09-29 23:07:37,836 - INFO - Very close to target - reducing jump size to 1
2025-09-29 23:07:37,836 - INFO - Jumping from page 19 to page 20 (jump size: 1)
2025-09-29 23:07:37,836 - INFO - Checking page 20 for dates...
2025-09-29 23:07:38,319 - INFO - Checking first article from page 20: https://www.dunya.com/gundem/marketler-pazar-gunu-kapanacak-mi-haberi-794971...
2025-09-29 23:07:38,830 - INFO - Page 20: Article date = 2025-09-21 11:16
2025-09-29 23:07:38,830 - INFO - Page 20: Date range = 2025-09-21 to 2025-09-21
2025-09-29 23:07:38,830 - INFO - Distance from target: -1 days (comparing dates only)
2025-09-29 23:07:38,830 - INFO - Page 20 is 1 days NEWER than target - need to go to older pages
2025-09-29 23:07:38,830 - INFO - Very close to target - reducing jump size to 1
2025-09-29 23:07:38,830 - INFO - Jumping from page 20 to page 21 (jump size: 1)
2025-09-29 23:07:38,830 - INFO - Checking page 21 for dates...
2025-09-29 23:07:39,447 - INFO - Checking first article from page 21: https://www.dunya.com/gundem/istanbulda-ozel-hastanede-dogum-skandali-iddiasi-so...
2025-09-29 23:07:39,982 - INFO - Page 21: Article date = 2025-09-20 19:24
2025-09-29 23:07:39,982 - INFO - Page 21: Date range = 2025-09-20 to 2025-09-20
2025-09-29 23:07:39,982 - INFO - Distance from target: 0 days (comparing dates only)
2025-09-29 23:07:39,982 - INFO - FOUND EXACT TARGET! Page 21 has date 2025-09-20 = target 2025-09-20
2025-09-29 23:07:39,982 - INFO - Phase 2: Found target page for scraping
2025-09-29 23:07:39,982 - INFO - Found target page: 21
2025-09-29 23:07:39,983 - INFO - === IMMEDIATE SCRAPING FROM PAGE 21 ===
2025-09-29 23:07:39,983 - INFO - Starting from page 21 and going forward until we reach start date 2025-09-18
2025-09-29 23:07:39,983 - INFO - 
--- Processing Page 21 ---
2025-09-29 23:07:39,983 - INFO - Checking page 21 for dates...
2025-09-29 23:07:40,221 - INFO - Checking first article from page 21: https://www.dunya.com/gundem/istanbulda-ozel-hastanede-dogum-skandali-iddiasi-so...
2025-09-29 23:07:40,452 - INFO - Page 21: Article date = 2025-09-20 19:24
2025-09-29 23:07:40,452 - INFO - Page 21: Date 2025-09-20 >= start date 2025-09-18 - continuing
2025-09-29 23:07:56,039 - INFO - Page 21: 0 articles saved
2025-09-29 23:07:56,039 - INFO - 
--- Processing Page 22 ---
2025-09-29 23:07:56,039 - INFO - Checking page 22 for dates...
2025-09-29 23:07:56,974 - INFO - Checking first article from page 22: https://www.dunya.com/gundem/edirnede-sehit-ailesine-846-bin-tllik-dolandiricili...
2025-09-29 23:07:58,399 - INFO - Page 22: Article date = 2025-09-20 09:37
2025-09-29 23:07:58,404 - INFO - Page 22: Date 2025-09-20 >= start date 2025-09-18 - continuing
2025-09-29 23:08:16,111 - INFO - Page 22: 0 articles saved
2025-09-29 23:08:16,111 - INFO - 
--- Processing Page 23 ---
2025-09-29 23:08:16,111 - INFO - Checking page 23 for dates...
2025-09-29 23:08:17,548 - INFO - Checking first article from page 23: https://www.dunya.com/gundem/freze-makinesi-tasiyan-tirda-739-kilo-esrar-yakalan...
2025-09-29 23:08:18,398 - INFO - Page 23: Article date = 2025-09-19 15:30
2025-09-29 23:08:18,398 - INFO - Page 23: Date 2025-09-19 >= start date 2025-09-18 - continuing
2025-09-29 23:08:33,281 - INFO - Page 23: 0 articles saved
2025-09-29 23:08:33,282 - INFO - 
--- Processing Page 24 ---
2025-09-29 23:08:33,282 - INFO - Checking page 24 for dates...
2025-09-29 23:08:34,087 - INFO - Checking first article from page 24: https://www.dunya.com/gundem/orman-yanginlariyla-mucadele-eden-gonullulere-tazmi...
2025-09-29 23:08:35,266 - INFO - Page 24: Article date = 2025-09-19 08:46
2025-09-29 23:08:35,267 - INFO - Page 24: Date 2025-09-19 >= start date 2025-09-18 - continuing
2025-09-29 23:08:51,604 - INFO - Page 24: 0 articles saved
2025-09-29 23:08:51,604 - INFO - 
--- Processing Page 25 ---
2025-09-29 23:08:51,604 - INFO - Checking page 25 for dates...
2025-09-29 23:08:52,429 - INFO - Checking first article from page 25: https://www.dunya.com/gundem/rtukten-disney-netflix-prime-video-hbo-max-ve-mubiy...
2025-09-29 23:08:53,229 - INFO - Page 25: Article date = 2025-09-18 15:25
2025-09-29 23:08:53,229 - INFO - Page 25: Date 2025-09-18 >= start date 2025-09-18 - continuing
2025-09-29 23:09:06,928 - INFO - Page 25: 0 articles saved
2025-09-29 23:09:06,928 - INFO - 
--- Processing Page 26 ---
2025-09-29 23:09:06,928 - INFO - Checking page 26 for dates...
2025-09-29 23:09:07,846 - INFO - Checking first article from page 26: https://www.dunya.com/gundem/yeni-diyanet-isleri-baskani-safi-arpagus-kimdir-kac...
2025-09-29 23:09:08,608 - INFO - Page 26: Article date = 2025-09-18 07:45
2025-09-29 23:09:08,609 - INFO - Page 26: Date 2025-09-18 >= start date 2025-09-18 - continuing
2025-09-29 23:09:22,194 - INFO - Page 26: 0 articles saved
2025-09-29 23:09:22,194 - INFO - 
--- Processing Page 27 ---
2025-09-29 23:09:22,194 - INFO - Checking page 27 for dates...
2025-09-29 23:09:23,221 - INFO - Checking first article from page 27: https://www.dunya.com/gundem/chp-zeytinlik-ve-ormanlari-madencilige-acan-kanunu-...
2025-09-29 23:09:24,042 - INFO - Page 27: Article date = 2025-09-17 14:12
2025-09-29 23:09:24,042 - INFO - Page 27: Reached start date (2025-09-17) - stopping
2025-09-29 23:09:24,042 - INFO - === SCRAPING COMPLETE ===
2025-09-29 23:09:24,042 - INFO - Total articles saved: 0
2025-09-29 23:09:24,042 - INFO - FINAL SUMMARY - Time: 0:02:10.843667, Articles: 0
